<?xml version="1.0" encoding="UTF-8"?>
<coverage generated="1628816664716" clover="3.2.0">
  <project timestamp="1628816664716" name="All files">
    <metrics statements="432" coveredstatements="286" conditionals="90" coveredconditionals="25" methods="72" coveredmethods="33" elements="594" coveredelements="344" complexity="0" loc="432" ncloc="432" packages="17" files="56" classes="56"/>
    <package name="src.api">
      <metrics statements="19" coveredstatements="14" conditionals="6" coveredconditionals="3" methods="1" coveredmethods="1"/>
      <file name="router.ts" path="/Users/vls/Job/Personal/oracle_subscription_module/src/api/router.ts">
        <metrics statements="19" coveredstatements="14" conditionals="6" coveredconditionals="3" methods="1" coveredmethods="1"/>
        <line num="1" count="1" type="stmt"/>
        <line num="3" count="1" type="stmt"/>
        <line num="4" count="1" type="stmt"/>
        <line num="6" count="1" type="stmt"/>
        <line num="7" count="1" type="stmt"/>
        <line num="9" count="1" type="stmt"/>
        <line num="10" count="10" type="stmt"/>
        <line num="12" count="5" type="stmt"/>
        <line num="17" count="5" type="stmt"/>
        <line num="19" count="3" type="stmt"/>
        <line num="24" count="3" type="stmt"/>
        <line num="26" count="2" type="stmt"/>
        <line num="31" count="2" type="stmt"/>
        <line num="33" count="0" type="stmt"/>
        <line num="38" count="0" type="stmt"/>
        <line num="40" count="0" type="stmt"/>
        <line num="45" count="0" type="stmt"/>
        <line num="47" count="0" type="stmt"/>
        <line num="51" count="1" type="stmt"/>
      </file>
    </package>
    <package name="src.api.actions">
      <metrics statements="2" coveredstatements="2" conditionals="0" coveredconditionals="0" methods="0" coveredmethods="0"/>
      <file name="index.ts" path="/Users/vls/Job/Personal/oracle_subscription_module/src/api/actions/index.ts">
        <metrics statements="2" coveredstatements="2" conditionals="0" coveredconditionals="0" methods="0" coveredmethods="0"/>
        <line num="1" count="1" type="stmt"/>
        <line num="2" count="1" type="stmt"/>
      </file>
    </package>
    <package name="src.api.actions.role">
      <metrics statements="48" coveredstatements="22" conditionals="8" coveredconditionals="0" methods="4" coveredmethods="0"/>
      <file name="deleteRole.ts" path="/Users/vls/Job/Personal/oracle_subscription_module/src/api/actions/role/deleteRole.ts">
        <metrics statements="12" coveredstatements="5" conditionals="2" coveredconditionals="0" methods="1" coveredmethods="0"/>
        <line num="2" count="1" type="stmt"/>
        <line num="4" count="1" type="stmt"/>
        <line num="6" count="1" type="stmt"/>
        <line num="8" count="1" type="stmt"/>
        <line num="10" count="1" type="stmt"/>
        <line num="19" count="0" type="stmt"/>
        <line num="20" count="0" type="stmt"/>
        <line num="21" count="0" type="stmt"/>
        <line num="23" count="0" type="stmt"/>
        <line num="25" count="0" type="cond" truecount="0" falsecount="2"/>
        <line num="26" count="0" type="stmt"/>
        <line num="28" count="0" type="stmt"/>
      </file>
      <file name="getRole.ts" path="/Users/vls/Job/Personal/oracle_subscription_module/src/api/actions/role/getRole.ts">
        <metrics statements="12" coveredstatements="5" conditionals="2" coveredconditionals="0" methods="1" coveredmethods="0"/>
        <line num="2" count="1" type="stmt"/>
        <line num="4" count="1" type="stmt"/>
        <line num="6" count="1" type="stmt"/>
        <line num="8" count="1" type="stmt"/>
        <line num="10" count="1" type="stmt"/>
        <line num="19" count="0" type="stmt"/>
        <line num="20" count="0" type="stmt"/>
        <line num="21" count="0" type="stmt"/>
        <line num="23" count="0" type="stmt"/>
        <line num="25" count="0" type="cond" truecount="0" falsecount="2"/>
        <line num="26" count="0" type="stmt"/>
        <line num="28" count="0" type="stmt"/>
      </file>
      <file name="getRoles.ts" path="/Users/vls/Job/Personal/oracle_subscription_module/src/api/actions/role/getRoles.ts">
        <metrics statements="9" coveredstatements="3" conditionals="2" coveredconditionals="0" methods="1" coveredmethods="0"/>
        <line num="5" count="1" type="stmt"/>
        <line num="7" count="1" type="stmt"/>
        <line num="9" count="1" type="stmt"/>
        <line num="17" count="0" type="stmt"/>
        <line num="18" count="0" type="stmt"/>
        <line num="20" count="0" type="stmt"/>
        <line num="22" count="0" type="cond" truecount="0" falsecount="2"/>
        <line num="23" count="0" type="stmt"/>
        <line num="25" count="0" type="stmt"/>
      </file>
      <file name="index.ts" path="/Users/vls/Job/Personal/oracle_subscription_module/src/api/actions/role/index.ts">
        <metrics statements="4" coveredstatements="4" conditionals="0" coveredconditionals="0" methods="0" coveredmethods="0"/>
        <line num="1" count="1" type="stmt"/>
        <line num="2" count="1" type="stmt"/>
        <line num="3" count="1" type="stmt"/>
        <line num="4" count="1" type="stmt"/>
      </file>
      <file name="postRole.ts" path="/Users/vls/Job/Personal/oracle_subscription_module/src/api/actions/role/postRole.ts">
        <metrics statements="11" coveredstatements="5" conditionals="2" coveredconditionals="0" methods="1" coveredmethods="0"/>
        <line num="2" count="1" type="stmt"/>
        <line num="4" count="1" type="stmt"/>
        <line num="6" count="1" type="stmt"/>
        <line num="8" count="1" type="stmt"/>
        <line num="10" count="1" type="stmt"/>
        <line num="19" count="0" type="stmt"/>
        <line num="20" count="0" type="stmt"/>
        <line num="22" count="0" type="stmt"/>
        <line num="24" count="0" type="cond" truecount="0" falsecount="2"/>
        <line num="25" count="0" type="stmt"/>
        <line num="27" count="0" type="stmt"/>
      </file>
    </package>
    <package name="src.api.actions.user">
      <metrics statements="73" coveredstatements="37" conditionals="12" coveredconditionals="0" methods="6" coveredmethods="1"/>
      <file name="deleteUser.ts" path="/Users/vls/Job/Personal/oracle_subscription_module/src/api/actions/user/deleteUser.ts">
        <metrics statements="12" coveredstatements="5" conditionals="2" coveredconditionals="0" methods="1" coveredmethods="0"/>
        <line num="2" count="1" type="stmt"/>
        <line num="4" count="1" type="stmt"/>
        <line num="6" count="1" type="stmt"/>
        <line num="8" count="1" type="stmt"/>
        <line num="10" count="1" type="stmt"/>
        <line num="19" count="0" type="stmt"/>
        <line num="20" count="0" type="stmt"/>
        <line num="21" count="0" type="stmt"/>
        <line num="23" count="0" type="stmt"/>
        <line num="25" count="0" type="cond" truecount="0" falsecount="2"/>
        <line num="26" count="0" type="stmt"/>
        <line num="28" count="0" type="stmt"/>
      </file>
      <file name="getUser.ts" path="/Users/vls/Job/Personal/oracle_subscription_module/src/api/actions/user/getUser.ts">
        <metrics statements="12" coveredstatements="5" conditionals="2" coveredconditionals="0" methods="1" coveredmethods="0"/>
        <line num="2" count="1" type="stmt"/>
        <line num="4" count="1" type="stmt"/>
        <line num="6" count="1" type="stmt"/>
        <line num="8" count="1" type="stmt"/>
        <line num="10" count="1" type="stmt"/>
        <line num="19" count="0" type="stmt"/>
        <line num="20" count="0" type="stmt"/>
        <line num="21" count="0" type="stmt"/>
        <line num="23" count="0" type="stmt"/>
        <line num="25" count="0" type="cond" truecount="0" falsecount="2"/>
        <line num="26" count="0" type="stmt"/>
        <line num="28" count="0" type="stmt"/>
      </file>
      <file name="getUserWithRoles.ts" path="/Users/vls/Job/Personal/oracle_subscription_module/src/api/actions/user/getUserWithRoles.ts">
        <metrics statements="12" coveredstatements="5" conditionals="2" coveredconditionals="0" methods="1" coveredmethods="0"/>
        <line num="2" count="1" type="stmt"/>
        <line num="4" count="1" type="stmt"/>
        <line num="6" count="1" type="stmt"/>
        <line num="8" count="1" type="stmt"/>
        <line num="10" count="1" type="stmt"/>
        <line num="19" count="0" type="stmt"/>
        <line num="20" count="0" type="stmt"/>
        <line num="21" count="0" type="stmt"/>
        <line num="23" count="0" type="stmt"/>
        <line num="25" count="0" type="cond" truecount="0" falsecount="2"/>
        <line num="26" count="0" type="stmt"/>
        <line num="28" count="0" type="stmt"/>
      </file>
      <file name="getUsers.ts" path="/Users/vls/Job/Personal/oracle_subscription_module/src/api/actions/user/getUsers.ts">
        <metrics statements="9" coveredstatements="6" conditionals="2" coveredconditionals="0" methods="1" coveredmethods="1"/>
        <line num="5" count="1" type="stmt"/>
        <line num="7" count="1" type="stmt"/>
        <line num="9" count="1" type="stmt"/>
        <line num="17" count="1" type="stmt"/>
        <line num="18" count="1" type="stmt"/>
        <line num="20" count="1" type="stmt"/>
        <line num="22" count="0" type="cond" truecount="0" falsecount="2"/>
        <line num="23" count="0" type="stmt"/>
        <line num="25" count="0" type="stmt"/>
      </file>
      <file name="index.ts" path="/Users/vls/Job/Personal/oracle_subscription_module/src/api/actions/user/index.ts">
        <metrics statements="6" coveredstatements="6" conditionals="0" coveredconditionals="0" methods="0" coveredmethods="0"/>
        <line num="1" count="1" type="stmt"/>
        <line num="2" count="1" type="stmt"/>
        <line num="3" count="1" type="stmt"/>
        <line num="4" count="1" type="stmt"/>
        <line num="5" count="1" type="stmt"/>
        <line num="6" count="1" type="stmt"/>
      </file>
      <file name="postRoleToUser.ts" path="/Users/vls/Job/Personal/oracle_subscription_module/src/api/actions/user/postRoleToUser.ts">
        <metrics statements="11" coveredstatements="5" conditionals="2" coveredconditionals="0" methods="1" coveredmethods="0"/>
        <line num="2" count="1" type="stmt"/>
        <line num="4" count="1" type="stmt"/>
        <line num="6" count="1" type="stmt"/>
        <line num="8" count="1" type="stmt"/>
        <line num="10" count="1" type="stmt"/>
        <line num="19" count="0" type="stmt"/>
        <line num="20" count="0" type="stmt"/>
        <line num="22" count="0" type="stmt"/>
        <line num="24" count="0" type="cond" truecount="0" falsecount="2"/>
        <line num="25" count="0" type="stmt"/>
        <line num="27" count="0" type="stmt"/>
      </file>
      <file name="postUser.ts" path="/Users/vls/Job/Personal/oracle_subscription_module/src/api/actions/user/postUser.ts">
        <metrics statements="11" coveredstatements="5" conditionals="2" coveredconditionals="0" methods="1" coveredmethods="0"/>
        <line num="2" count="1" type="stmt"/>
        <line num="4" count="1" type="stmt"/>
        <line num="6" count="1" type="stmt"/>
        <line num="8" count="1" type="stmt"/>
        <line num="10" count="1" type="stmt"/>
        <line num="19" count="0" type="stmt"/>
        <line num="20" count="0" type="stmt"/>
        <line num="22" count="0" type="stmt"/>
        <line num="24" count="0" type="cond" truecount="0" falsecount="2"/>
        <line num="25" count="0" type="stmt"/>
        <line num="27" count="0" type="stmt"/>
      </file>
    </package>
    <package name="src.api.methods">
      <metrics statements="60" coveredstatements="21" conditionals="14" coveredconditionals="0" methods="13" coveredmethods="2"/>
      <file name="role.methods.ts" path="/Users/vls/Job/Personal/oracle_subscription_module/src/api/methods/role.methods.ts">
        <metrics statements="23" coveredstatements="8" conditionals="4" coveredconditionals="0" methods="5" coveredmethods="0"/>
        <line num="1" count="1" type="stmt"/>
        <line num="2" count="1" type="stmt"/>
        <line num="3" count="1" type="stmt"/>
        <line num="4" count="1" type="stmt"/>
        <line num="6" count="1" type="stmt"/>
        <line num="7" count="0" type="stmt"/>
        <line num="9" count="0" type="stmt"/>
        <line num="15" count="0" type="stmt"/>
        <line num="18" count="1" type="stmt"/>
        <line num="19" count="0" type="stmt"/>
        <line num="21" count="0" type="cond" truecount="0" falsecount="2"/>
        <line num="22" count="0" type="stmt"/>
        <line num="26" count="0" type="stmt"/>
        <line num="32" count="0" type="stmt"/>
        <line num="35" count="1" type="stmt"/>
        <line num="36" count="0" type="stmt"/>
        <line num="37" count="0" type="stmt"/>
        <line num="43" count="0" type="stmt"/>
        <line num="46" count="1" type="stmt"/>
        <line num="47" count="0" type="stmt"/>
        <line num="49" count="0" type="cond" truecount="0" falsecount="2"/>
        <line num="50" count="0" type="stmt"/>
        <line num="55" count="0" type="stmt"/>
      </file>
      <file name="user.methods.ts" path="/Users/vls/Job/Personal/oracle_subscription_module/src/api/methods/user.methods.ts">
        <metrics statements="37" coveredstatements="13" conditionals="10" coveredconditionals="0" methods="8" coveredmethods="2"/>
        <line num="1" count="1" type="stmt"/>
        <line num="8" count="1" type="stmt"/>
        <line num="9" count="1" type="stmt"/>
        <line num="11" count="1" type="stmt"/>
        <line num="13" count="1" type="stmt"/>
        <line num="14" count="1" type="stmt"/>
        <line num="16" count="2" type="stmt"/>
        <line num="23" count="1" type="stmt"/>
        <line num="26" count="1" type="stmt"/>
        <line num="27" count="0" type="stmt"/>
        <line num="29" count="0" type="cond" truecount="0" falsecount="2"/>
        <line num="30" count="0" type="stmt"/>
        <line num="34" count="0" type="stmt"/>
        <line num="41" count="0" type="stmt"/>
        <line num="44" count="1" type="stmt"/>
        <line num="45" count="0" type="stmt"/>
        <line num="47" count="0" type="cond" truecount="0" falsecount="2"/>
        <line num="48" count="0" type="stmt"/>
        <line num="52" count="0" type="stmt"/>
        <line num="57" count="0" type="stmt"/>
        <line num="60" count="0" type="stmt"/>
        <line num="63" count="1" type="stmt"/>
        <line num="64" count="0" type="stmt"/>
        <line num="65" count="0" type="stmt"/>
        <line num="72" count="0" type="stmt"/>
        <line num="75" count="1" type="stmt"/>
        <line num="76" count="0" type="stmt"/>
        <line num="78" count="0" type="cond" truecount="0" falsecount="2"/>
        <line num="79" count="0" type="stmt"/>
        <line num="84" count="0" type="stmt"/>
        <line num="87" count="1" type="stmt"/>
        <line num="88" count="0" type="stmt"/>
        <line num="89" count="0" type="stmt"/>
        <line num="91" count="0" type="cond" truecount="0" falsecount="4"/>
        <line num="92" count="0" type="stmt"/>
        <line num="96" count="0" type="stmt"/>
        <line num="98" count="0" type="stmt"/>
      </file>
    </package>
    <package name="src.api.repository">
      <metrics statements="20" coveredstatements="12" conditionals="0" coveredconditionals="0" methods="10" coveredmethods="2"/>
      <file name="RoleRepository.ts" path="/Users/vls/Job/Personal/oracle_subscription_module/src/api/repository/RoleRepository.ts">
        <metrics statements="6" coveredstatements="2" conditionals="0" coveredconditionals="0" methods="4" coveredmethods="0"/>
        <line num="1" count="1" type="stmt"/>
        <line num="8" count="1" type="stmt"/>
        <line num="10" count="0" type="stmt"/>
        <line num="14" count="0" type="stmt"/>
        <line num="18" count="0" type="stmt"/>
        <line num="22" count="0" type="stmt"/>
      </file>
      <file name="UserRepository.ts" path="/Users/vls/Job/Personal/oracle_subscription_module/src/api/repository/UserRepository.ts">
        <metrics statements="8" coveredstatements="5" conditionals="0" coveredconditionals="0" methods="5" coveredmethods="2"/>
        <line num="1" count="1" type="stmt"/>
        <line num="2" count="1" type="stmt"/>
        <line num="10" count="1" type="stmt"/>
        <line num="12" count="1" type="stmt"/>
        <line num="16" count="0" type="stmt"/>
        <line num="20" count="0" type="stmt"/>
        <line num="28" count="2" type="stmt"/>
        <line num="32" count="0" type="stmt"/>
      </file>
      <file name="UserRoleRepository.ts" path="/Users/vls/Job/Personal/oracle_subscription_module/src/api/repository/UserRoleRepository.ts">
        <metrics statements="3" coveredstatements="2" conditionals="0" coveredconditionals="0" methods="1" coveredmethods="0"/>
        <line num="1" count="1" type="stmt"/>
        <line num="8" count="1" type="stmt"/>
        <line num="10" count="0" type="stmt"/>
      </file>
      <file name="index.ts" path="/Users/vls/Job/Personal/oracle_subscription_module/src/api/repository/index.ts">
        <metrics statements="3" coveredstatements="3" conditionals="0" coveredconditionals="0" methods="0" coveredmethods="0"/>
        <line num="1" count="1" type="stmt"/>
        <line num="2" count="1" type="stmt"/>
        <line num="3" count="1" type="stmt"/>
      </file>
    </package>
    <package name="src.db">
      <metrics statements="6" coveredstatements="6" conditionals="8" coveredconditionals="4" methods="0" coveredmethods="0"/>
      <file name="connection.ts" path="/Users/vls/Job/Personal/oracle_subscription_module/src/db/connection.ts">
        <metrics statements="6" coveredstatements="6" conditionals="8" coveredconditionals="4" methods="0" coveredmethods="0"/>
        <line num="1" count="1" type="stmt"/>
        <line num="2" count="1" type="stmt"/>
        <line num="4" count="1" type="stmt"/>
        <line num="6" count="1" type="stmt"/>
        <line num="8" count="1" type="stmt"/>
        <line num="21" count="1" type="stmt"/>
      </file>
    </package>
    <package name="src.db.models">
      <metrics statements="35" coveredstatements="35" conditionals="0" coveredconditionals="0" methods="9" coveredmethods="9"/>
      <file name="Role.ts" path="/Users/vls/Job/Personal/oracle_subscription_module/src/db/models/Role.ts">
        <metrics statements="10" coveredstatements="10" conditionals="0" coveredconditionals="0" methods="2" coveredmethods="2"/>
        <line num="1" count="1" type="stmt"/>
        <line num="12" count="1" type="stmt"/>
        <line num="18" count="1" type="stmt"/>
        <line num="22" count="1" type="stmt"/>
        <line num="26" count="1" type="stmt"/>
        <line num="30" count="1" type="stmt"/>
        <line num="34" count="1" type="stmt"/>
        <line num="38" count="1" type="stmt"/>
        <line num="43" count="2" type="stmt"/>
        <line num="44" count="1" type="stmt"/>
      </file>
      <file name="User.ts" path="/Users/vls/Job/Personal/oracle_subscription_module/src/db/models/User.ts">
        <metrics statements="11" coveredstatements="11" conditionals="0" coveredconditionals="0" methods="2" coveredmethods="2"/>
        <line num="1" count="1" type="stmt"/>
        <line num="12" count="1" type="stmt"/>
        <line num="18" count="1" type="stmt"/>
        <line num="22" count="1" type="stmt"/>
        <line num="26" count="1" type="stmt"/>
        <line num="30" count="1" type="stmt"/>
        <line num="34" count="1" type="stmt"/>
        <line num="38" count="1" type="stmt"/>
        <line num="42" count="1" type="stmt"/>
        <line num="46" count="2" type="stmt"/>
        <line num="47" count="1" type="stmt"/>
      </file>
      <file name="UserRole.ts" path="/Users/vls/Job/Personal/oracle_subscription_module/src/db/models/UserRole.ts">
        <metrics statements="10" coveredstatements="10" conditionals="0" coveredconditionals="0" methods="2" coveredmethods="2"/>
        <line num="1" count="1" type="stmt"/>
        <line num="12" count="1" type="stmt"/>
        <line num="18" count="1" type="stmt"/>
        <line num="22" count="1" type="stmt"/>
        <line num="24" count="6" type="stmt"/>
        <line num="27" count="1" type="stmt"/>
        <line num="29" count="2" type="stmt"/>
        <line num="32" count="1" type="stmt"/>
        <line num="36" count="1" type="stmt"/>
        <line num="40" count="1" type="stmt"/>
      </file>
      <file name="index.ts" path="/Users/vls/Job/Personal/oracle_subscription_module/src/db/models/index.ts">
        <metrics statements="4" coveredstatements="4" conditionals="0" coveredconditionals="0" methods="3" coveredmethods="3"/>
        <line num="1" count="1" type="stmt"/>
        <line num="2" count="1" type="stmt"/>
        <line num="3" count="1" type="stmt"/>
        <line num="5" count="10" type="stmt"/>
      </file>
    </package>
    <package name="src.services">
      <metrics statements="27" coveredstatements="24" conditionals="4" coveredconditionals="2" methods="10" coveredmethods="7"/>
      <file name="web-server.ts" path="/Users/vls/Job/Personal/oracle_subscription_module/src/services/web-server.ts">
        <metrics statements="27" coveredstatements="24" conditionals="4" coveredconditionals="2" methods="10" coveredmethods="7"/>
        <line num="1" count="1" type="stmt"/>
        <line num="2" count="1" type="stmt"/>
        <line num="3" count="1" type="stmt"/>
        <line num="4" count="1" type="stmt"/>
        <line num="6" count="1" type="stmt"/>
        <line num="7" count="1" type="stmt"/>
        <line num="9" count="1" type="stmt"/>
        <line num="11" count="1" type="stmt"/>
        <line num="20" count="1" type="stmt"/>
        <line num="21" count="1" type="stmt"/>
        <line num="25" count="1" type="stmt"/>
        <line num="26" count="1" type="stmt"/>
        <line num="27" count="1" type="stmt"/>
        <line num="32" count="1" type="stmt"/>
        <line num="33" count="1" type="stmt"/>
        <line num="35" count="1" type="stmt"/>
        <line num="36" count="1" type="stmt"/>
        <line num="38" count="1" type="stmt"/>
        <line num="45" count="0" type="stmt"/>
        <line num="46" count="0" type="stmt"/>
        <line num="50" count="1" type="stmt"/>
        <line num="53" count="1" type="stmt"/>
        <line num="56" count="0" type="stmt"/>
        <line num="62" count="1" type="stmt"/>
        <line num="63" count="1" type="cond" truecount="0" falsecount="2"/>
        <line num="68" count="1" type="stmt"/>
        <line num="72" count="1" type="stmt"/>
      </file>
    </package>
    <package name="src.test.helpers">
      <metrics statements="28" coveredstatements="18" conditionals="6" coveredconditionals="1" methods="4" coveredmethods="4"/>
      <file name="actionCall.ts" path="/Users/vls/Job/Personal/oracle_subscription_module/src/test/helpers/actionCall.ts">
        <metrics statements="19" coveredstatements="10" conditionals="6" coveredconditionals="1" methods="2" coveredmethods="2"/>
        <line num="1" count="1" type="stmt"/>
        <line num="2" count="1" type="stmt"/>
        <line num="4" count="1" type="stmt"/>
        <line num="5" count="1" type="stmt"/>
        <line num="6" count="1" type="stmt"/>
        <line num="7" count="1" type="stmt"/>
        <line num="10" count="1" type="stmt"/>
        <line num="12" count="1" type="stmt"/>
        <line num="15" count="1" type="stmt"/>
        <line num="17" count="0" type="stmt"/>
        <line num="20" count="0" type="stmt"/>
        <line num="22" count="0" type="stmt"/>
        <line num="25" count="0" type="stmt"/>
        <line num="27" count="0" type="stmt"/>
        <line num="30" count="0" type="stmt"/>
        <line num="32" count="0" type="stmt"/>
        <line num="35" count="0" type="stmt"/>
        <line num="37" count="0" type="stmt"/>
        <line num="40" count="1" type="stmt"/>
      </file>
      <file name="initService.ts" path="/Users/vls/Job/Personal/oracle_subscription_module/src/test/helpers/initService.ts">
        <metrics statements="9" coveredstatements="8" conditionals="0" coveredconditionals="0" methods="2" coveredmethods="2"/>
        <line num="1" count="1" type="stmt"/>
        <line num="2" count="1" type="stmt"/>
        <line num="4" count="1" type="stmt"/>
        <line num="6" count="1" type="stmt"/>
        <line num="7" count="1" type="stmt"/>
        <line num="8" count="1" type="stmt"/>
        <line num="12" count="1" type="stmt"/>
        <line num="13" count="0" type="stmt"/>
        <line num="17" count="1" type="stmt"/>
      </file>
    </package>
    <package name="src.utils">
      <metrics statements="3" coveredstatements="3" conditionals="0" coveredconditionals="0" methods="0" coveredmethods="0"/>
      <file name="index.ts" path="/Users/vls/Job/Personal/oracle_subscription_module/src/utils/index.ts">
        <metrics statements="1" coveredstatements="1" conditionals="0" coveredconditionals="0" methods="0" coveredmethods="0"/>
        <line num="1" count="1" type="stmt"/>
      </file>
      <file name="subscriptionServiceErrorObjects.ts" path="/Users/vls/Job/Personal/oracle_subscription_module/src/utils/subscriptionServiceErrorObjects.ts">
        <metrics statements="2" coveredstatements="2" conditionals="0" coveredconditionals="0" methods="0" coveredmethods="0"/>
        <line num="1" count="1" type="stmt"/>
        <line num="4" count="1" type="stmt"/>
      </file>
    </package>
    <package name="types">
      <metrics statements="2" coveredstatements="2" conditionals="0" coveredconditionals="0" methods="0" coveredmethods="0"/>
      <file name="index.ts" path="/Users/vls/Job/Personal/oracle_subscription_module/types/index.ts">
        <metrics statements="2" coveredstatements="2" conditionals="0" coveredconditionals="0" methods="0" coveredmethods="0"/>
        <line num="1" count="1" type="stmt"/>
        <line num="2" count="1" type="stmt"/>
      </file>
    </package>
    <package name="types.enums">
      <metrics statements="5" coveredstatements="5" conditionals="2" coveredconditionals="2" methods="1" coveredmethods="1"/>
      <file name="SubscriptionServiceErrors.enum.ts" path="/Users/vls/Job/Personal/oracle_subscription_module/types/enums/SubscriptionServiceErrors.enum.ts">
        <metrics statements="4" coveredstatements="4" conditionals="2" coveredconditionals="2" methods="1" coveredmethods="1"/>
        <line num="1" count="1" type="cond" truecount="2" falsecount="0"/>
        <line num="2" count="1" type="stmt"/>
        <line num="3" count="1" type="stmt"/>
        <line num="4" count="1" type="stmt"/>
      </file>
      <file name="index.ts" path="/Users/vls/Job/Personal/oracle_subscription_module/types/enums/index.ts">
        <metrics statements="1" coveredstatements="1" conditionals="0" coveredconditionals="0" methods="0" coveredmethods="0"/>
        <line num="1" count="1" type="stmt"/>
      </file>
    </package>
    <package name="types.interfaces">
      <metrics statements="35" coveredstatements="35" conditionals="0" coveredconditionals="0" methods="0" coveredmethods="0"/>
      <file name="DeleteRoleParams.ts" path="/Users/vls/Job/Personal/oracle_subscription_module/types/interfaces/DeleteRoleParams.ts">
        <metrics statements="3" coveredstatements="3" conditionals="0" coveredconditionals="0" methods="0" coveredmethods="0"/>
        <line num="1" count="1" type="stmt"/>
        <line num="4" count="1" type="stmt"/>
        <line num="6" count="1" type="stmt"/>
      </file>
      <file name="DeleteUserParams.ts" path="/Users/vls/Job/Personal/oracle_subscription_module/types/interfaces/DeleteUserParams.ts">
        <metrics statements="3" coveredstatements="3" conditionals="0" coveredconditionals="0" methods="0" coveredmethods="0"/>
        <line num="1" count="1" type="stmt"/>
        <line num="4" count="1" type="stmt"/>
        <line num="6" count="1" type="stmt"/>
      </file>
      <file name="GetRoleParams.ts" path="/Users/vls/Job/Personal/oracle_subscription_module/types/interfaces/GetRoleParams.ts">
        <metrics statements="3" coveredstatements="3" conditionals="0" coveredconditionals="0" methods="0" coveredmethods="0"/>
        <line num="1" count="1" type="stmt"/>
        <line num="4" count="1" type="stmt"/>
        <line num="6" count="1" type="stmt"/>
      </file>
      <file name="GetUserParams.ts" path="/Users/vls/Job/Personal/oracle_subscription_module/types/interfaces/GetUserParams.ts">
        <metrics statements="3" coveredstatements="3" conditionals="0" coveredconditionals="0" methods="0" coveredmethods="0"/>
        <line num="1" count="1" type="stmt"/>
        <line num="4" count="1" type="stmt"/>
        <line num="6" count="1" type="stmt"/>
      </file>
      <file name="PostRoleParams.ts" path="/Users/vls/Job/Personal/oracle_subscription_module/types/interfaces/PostRoleParams.ts">
        <metrics statements="4" coveredstatements="4" conditionals="0" coveredconditionals="0" methods="0" coveredmethods="0"/>
        <line num="1" count="1" type="stmt"/>
        <line num="4" count="1" type="stmt"/>
        <line num="6" count="1" type="stmt"/>
        <line num="9" count="1" type="stmt"/>
      </file>
      <file name="PostRoleToUserParams.ts" path="/Users/vls/Job/Personal/oracle_subscription_module/types/interfaces/PostRoleToUserParams.ts">
        <metrics statements="4" coveredstatements="4" conditionals="0" coveredconditionals="0" methods="0" coveredmethods="0"/>
        <line num="1" count="1" type="stmt"/>
        <line num="4" count="1" type="stmt"/>
        <line num="6" count="1" type="stmt"/>
        <line num="9" count="1" type="stmt"/>
      </file>
      <file name="PostUserParams.ts" path="/Users/vls/Job/Personal/oracle_subscription_module/types/interfaces/PostUserParams.ts">
        <metrics statements="5" coveredstatements="5" conditionals="0" coveredconditionals="0" methods="0" coveredmethods="0"/>
        <line num="1" count="1" type="stmt"/>
        <line num="4" count="1" type="stmt"/>
        <line num="6" count="1" type="stmt"/>
        <line num="9" count="1" type="stmt"/>
        <line num="12" count="1" type="stmt"/>
      </file>
      <file name="index.ts" path="/Users/vls/Job/Personal/oracle_subscription_module/types/interfaces/index.ts">
        <metrics statements="10" coveredstatements="10" conditionals="0" coveredconditionals="0" methods="0" coveredmethods="0"/>
        <line num="1" count="1" type="stmt"/>
        <line num="2" count="1" type="stmt"/>
        <line num="3" count="1" type="stmt"/>
        <line num="4" count="1" type="stmt"/>
        <line num="5" count="1" type="stmt"/>
        <line num="6" count="1" type="stmt"/>
        <line num="7" count="1" type="stmt"/>
        <line num="8" count="1" type="stmt"/>
        <line num="9" count="1" type="stmt"/>
        <line num="10" count="1" type="stmt"/>
      </file>
    </package>
    <package name="utilsGlobal">
      <metrics statements="24" coveredstatements="16" conditionals="4" coveredconditionals="1" methods="3" coveredmethods="3"/>
      <file name="Validator.ts" path="/Users/vls/Job/Personal/oracle_subscription_module/utilsGlobal/Validator.ts">
        <metrics statements="16" coveredstatements="8" conditionals="4" coveredconditionals="1" methods="2" coveredmethods="2"/>
        <line num="1" count="1" type="stmt"/>
        <line num="4" count="1" type="stmt"/>
        <line num="5" count="1" type="stmt"/>
        <line num="6" count="1" type="stmt"/>
        <line num="8" count="1" type="stmt"/>
        <line num="10" count="10" type="stmt"/>
        <line num="11" count="1" type="cond" truecount="1" falsecount="1"/>
        <line num="12" count="1" type="stmt"/>
        <line num="14" count="0" type="stmt"/>
        <line num="15" count="0" type="stmt"/>
        <line num="16" count="0" type="stmt"/>
        <line num="17" count="0" type="cond" truecount="0" falsecount="2"/>
        <line num="18" count="0" type="stmt"/>
        <line num="19" count="0" type="stmt"/>
        <line num="22" count="0" type="stmt"/>
        <line num="23" count="0" type="stmt"/>
      </file>
      <file name="index.ts" path="/Users/vls/Job/Personal/oracle_subscription_module/utilsGlobal/index.ts">
        <metrics statements="2" coveredstatements="2" conditionals="0" coveredconditionals="0" methods="0" coveredmethods="0"/>
        <line num="1" count="1" type="stmt"/>
        <line num="2" count="1" type="stmt"/>
      </file>
      <file name="logger.ts" path="/Users/vls/Job/Personal/oracle_subscription_module/utilsGlobal/logger.ts">
        <metrics statements="6" coveredstatements="6" conditionals="0" coveredconditionals="0" methods="1" coveredmethods="1"/>
        <line num="1" count="1" type="stmt"/>
        <line num="2" count="1" type="stmt"/>
        <line num="3" count="1" type="stmt"/>
        <line num="5" count="1" type="stmt"/>
        <line num="12" count="1" type="stmt"/>
        <line num="15" count="1" type="stmt"/>
      </file>
    </package>
    <package name="utilsGlobal.ResponseFactory">
      <metrics statements="20" coveredstatements="17" conditionals="18" coveredconditionals="12" methods="5" coveredmethods="3"/>
      <file name="BaseResponse.ts" path="/Users/vls/Job/Personal/oracle_subscription_module/utilsGlobal/ResponseFactory/BaseResponse.ts">
        <metrics statements="5" coveredstatements="5" conditionals="8" coveredconditionals="6" methods="1" coveredmethods="1"/>
        <line num="3" count="1" type="stmt"/>
        <line num="10" count="1" type="stmt"/>
        <line num="11" count="1" type="stmt"/>
        <line num="12" count="1" type="cond" truecount="3" falsecount="1"/>
        <line num="13" count="1" type="cond" truecount="3" falsecount="1"/>
      </file>
      <file name="ResponceFactory.ts" path="/Users/vls/Job/Personal/oracle_subscription_module/utilsGlobal/ResponseFactory/ResponceFactory.ts">
        <metrics statements="6" coveredstatements="4" conditionals="10" coveredconditionals="6" methods="2" coveredmethods="1"/>
        <line num="2" count="1" type="stmt"/>
        <line num="3" count="1" type="stmt"/>
        <line num="5" count="1" type="stmt"/>
        <line num="7" count="0" type="cond" truecount="0" falsecount="2"/>
        <line num="9" count="0" type="stmt"/>
        <line num="12" count="1" type="cond" truecount="6" falsecount="2"/>
      </file>
      <file name="ServiceErrorResponse.ts" path="/Users/vls/Job/Personal/oracle_subscription_module/utilsGlobal/ResponseFactory/ServiceErrorResponse.ts">
        <metrics statements="3" coveredstatements="2" conditionals="0" coveredconditionals="0" methods="1" coveredmethods="0"/>
        <line num="1" count="1" type="stmt"/>
        <line num="3" count="1" type="stmt"/>
        <line num="5" count="0" type="stmt"/>
      </file>
      <file name="ServiceSuccessResponse.ts" path="/Users/vls/Job/Personal/oracle_subscription_module/utilsGlobal/ResponseFactory/ServiceSuccessResponse.ts">
        <metrics statements="3" coveredstatements="3" conditionals="0" coveredconditionals="0" methods="1" coveredmethods="1"/>
        <line num="1" count="1" type="stmt"/>
        <line num="3" count="1" type="stmt"/>
        <line num="5" count="1" type="stmt"/>
      </file>
      <file name="index.ts" path="/Users/vls/Job/Personal/oracle_subscription_module/utilsGlobal/ResponseFactory/index.ts">
        <metrics statements="3" coveredstatements="3" conditionals="0" coveredconditionals="0" methods="0" coveredmethods="0"/>
        <line num="1" count="1" type="stmt"/>
        <line num="2" count="1" type="stmt"/>
        <line num="3" count="1" type="stmt"/>
      </file>
    </package>
    <package name="utilsGlobal.ResponseFactory.ResponseErrors">
      <metrics statements="25" coveredstatements="17" conditionals="8" coveredconditionals="0" methods="6" coveredmethods="0"/>
      <file name="AccessDeniedResponseError.ts" path="/Users/vls/Job/Personal/oracle_subscription_module/utilsGlobal/ResponseFactory/ResponseErrors/AccessDeniedResponseError.ts">
        <metrics statements="3" coveredstatements="2" conditionals="0" coveredconditionals="0" methods="1" coveredmethods="0"/>
        <line num="1" count="1" type="stmt"/>
        <line num="4" count="1" type="stmt"/>
        <line num="6" count="0" type="stmt"/>
      </file>
      <file name="BaseResponseError.ts" path="/Users/vls/Job/Personal/oracle_subscription_module/utilsGlobal/ResponseFactory/ResponseErrors/BaseResponseError.ts">
        <metrics statements="4" coveredstatements="1" conditionals="8" coveredconditionals="0" methods="1" coveredmethods="0"/>
        <line num="1" count="1" type="stmt"/>
        <line num="6" count="0" type="stmt"/>
        <line num="7" count="0" type="cond" truecount="0" falsecount="4"/>
        <line num="8" count="0" type="cond" truecount="0" falsecount="4"/>
      </file>
      <file name="BusinessLogicResponseError.ts" path="/Users/vls/Job/Personal/oracle_subscription_module/utilsGlobal/ResponseFactory/ResponseErrors/BusinessLogicResponseError.ts">
        <metrics statements="3" coveredstatements="2" conditionals="0" coveredconditionals="0" methods="1" coveredmethods="0"/>
        <line num="1" count="1" type="stmt"/>
        <line num="4" count="1" type="stmt"/>
        <line num="6" count="0" type="stmt"/>
      </file>
      <file name="NotFoundResponseError.ts" path="/Users/vls/Job/Personal/oracle_subscription_module/utilsGlobal/ResponseFactory/ResponseErrors/NotFoundResponseError.ts">
        <metrics statements="3" coveredstatements="2" conditionals="0" coveredconditionals="0" methods="1" coveredmethods="0"/>
        <line num="1" count="1" type="stmt"/>
        <line num="4" count="1" type="stmt"/>
        <line num="6" count="0" type="stmt"/>
      </file>
      <file name="UnauthorizedUserResponseError.ts" path="/Users/vls/Job/Personal/oracle_subscription_module/utilsGlobal/ResponseFactory/ResponseErrors/UnauthorizedUserResponseError.ts">
        <metrics statements="3" coveredstatements="2" conditionals="0" coveredconditionals="0" methods="1" coveredmethods="0"/>
        <line num="1" count="1" type="stmt"/>
        <line num="4" count="1" type="stmt"/>
        <line num="6" count="0" type="stmt"/>
      </file>
      <file name="ValidationResponseError.ts" path="/Users/vls/Job/Personal/oracle_subscription_module/utilsGlobal/ResponseFactory/ResponseErrors/ValidationResponseError.ts">
        <metrics statements="3" coveredstatements="2" conditionals="0" coveredconditionals="0" methods="1" coveredmethods="0"/>
        <line num="1" count="1" type="stmt"/>
        <line num="4" count="1" type="stmt"/>
        <line num="6" count="0" type="stmt"/>
      </file>
      <file name="index.ts" path="/Users/vls/Job/Personal/oracle_subscription_module/utilsGlobal/ResponseFactory/ResponseErrors/index.ts">
        <metrics statements="6" coveredstatements="6" conditionals="0" coveredconditionals="0" methods="0" coveredmethods="0"/>
        <line num="1" count="1" type="stmt"/>
        <line num="2" count="1" type="stmt"/>
        <line num="3" count="1" type="stmt"/>
        <line num="4" count="1" type="stmt"/>
        <line num="5" count="1" type="stmt"/>
        <line num="6" count="1" type="stmt"/>
      </file>
    </package>
  </project>
</coverage>
