TN:
SF:src/api/router.ts
FN:9,(anonymous_6)
FNF:1
FNH:1
FNDA:10,(anonymous_6)
DA:1,1
DA:3,1
DA:4,1
DA:6,1
DA:7,1
DA:9,1
DA:10,10
DA:12,5
DA:17,5
DA:19,3
DA:24,3
DA:26,2
DA:31,2
DA:33,0
DA:38,0
DA:40,0
DA:45,0
DA:47,0
DA:51,1
LF:19
LH:14
BRDA:11,0,0,5
BRDA:11,0,1,3
BRDA:11,0,2,2
BRDA:11,0,3,0
BRDA:11,0,4,0
BRDA:11,0,5,0
BRF:6
BRH:3
end_of_record
TN:
SF:src/api/actions/index.ts
FNF:0
FNH:0
DA:1,1
DA:2,1
LF:2
LH:2
BRF:0
BRH:0
end_of_record
TN:
SF:src/api/actions/role/deleteRole.ts
FN:14,(anonymous_0)
FNF:1
FNH:0
FNDA:0,(anonymous_0)
DA:2,1
DA:4,1
DA:6,1
DA:8,1
DA:10,1
DA:19,0
DA:20,0
DA:21,0
DA:23,0
DA:25,0
DA:26,0
DA:28,0
LF:12
LH:5
BRDA:25,0,0,0
BRDA:25,0,1,0
BRF:2
BRH:0
end_of_record
TN:
SF:src/api/actions/role/getRole.ts
FN:14,(anonymous_0)
FNF:1
FNH:0
FNDA:0,(anonymous_0)
DA:2,1
DA:4,1
DA:6,1
DA:8,1
DA:10,1
DA:19,0
DA:20,0
DA:21,0
DA:23,0
DA:25,0
DA:26,0
DA:28,0
LF:12
LH:5
BRDA:25,0,0,0
BRDA:25,0,1,0
BRF:2
BRH:0
end_of_record
TN:
SF:src/api/actions/role/getRoles.ts
FN:12,(anonymous_0)
FNF:1
FNH:0
FNDA:0,(anonymous_0)
DA:5,1
DA:7,1
DA:9,1
DA:17,0
DA:18,0
DA:20,0
DA:22,0
DA:23,0
DA:25,0
LF:9
LH:3
BRDA:22,0,0,0
BRDA:22,0,1,0
BRF:2
BRH:0
end_of_record
TN:
SF:src/api/actions/role/index.ts
FNF:0
FNH:0
DA:1,1
DA:2,1
DA:3,1
DA:4,1
LF:4
LH:4
BRF:0
BRH:0
end_of_record
TN:
SF:src/api/actions/role/postRole.ts
FN:14,(anonymous_0)
FNF:1
FNH:0
FNDA:0,(anonymous_0)
DA:2,1
DA:4,1
DA:6,1
DA:8,1
DA:10,1
DA:19,0
DA:20,0
DA:22,0
DA:24,0
DA:25,0
DA:27,0
LF:11
LH:5
BRDA:24,0,0,0
BRDA:24,0,1,0
BRF:2
BRH:0
end_of_record
TN:
SF:src/api/actions/user/deleteUser.ts
FN:14,(anonymous_0)
FNF:1
FNH:0
FNDA:0,(anonymous_0)
DA:2,1
DA:4,1
DA:6,1
DA:8,1
DA:10,1
DA:19,0
DA:20,0
DA:21,0
DA:23,0
DA:25,0
DA:26,0
DA:28,0
LF:12
LH:5
BRDA:25,0,0,0
BRDA:25,0,1,0
BRF:2
BRH:0
end_of_record
TN:
SF:src/api/actions/user/getUser.ts
FN:14,(anonymous_0)
FNF:1
FNH:0
FNDA:0,(anonymous_0)
DA:2,1
DA:4,1
DA:6,1
DA:8,1
DA:10,1
DA:19,0
DA:20,0
DA:21,0
DA:23,0
DA:25,0
DA:26,0
DA:28,0
LF:12
LH:5
BRDA:25,0,0,0
BRDA:25,0,1,0
BRF:2
BRH:0
end_of_record
TN:
SF:src/api/actions/user/getUserWithRoles.ts
FN:14,(anonymous_0)
FNF:1
FNH:0
FNDA:0,(anonymous_0)
DA:2,1
DA:4,1
DA:6,1
DA:8,1
DA:10,1
DA:19,0
DA:20,0
DA:21,0
DA:23,0
DA:25,0
DA:26,0
DA:28,0
LF:12
LH:5
BRDA:25,0,0,0
BRDA:25,0,1,0
BRF:2
BRH:0
end_of_record
TN:
SF:src/api/actions/user/getUsers.ts
FN:12,(anonymous_0)
FNF:1
FNH:1
FNDA:1,(anonymous_0)
DA:5,1
DA:7,1
DA:9,1
DA:17,1
DA:18,1
DA:20,1
DA:22,0
DA:23,0
DA:25,0
LF:9
LH:6
BRDA:22,0,0,0
BRDA:22,0,1,0
BRF:2
BRH:0
end_of_record
TN:
SF:src/api/actions/user/index.ts
FNF:0
FNH:0
DA:1,1
DA:2,1
DA:3,1
DA:4,1
DA:5,1
DA:6,1
LF:6
LH:6
BRF:0
BRH:0
end_of_record
TN:
SF:src/api/actions/user/postRoleToUser.ts
FN:14,(anonymous_0)
FNF:1
FNH:0
FNDA:0,(anonymous_0)
DA:2,1
DA:4,1
DA:6,1
DA:8,1
DA:10,1
DA:19,0
DA:20,0
DA:22,0
DA:24,0
DA:25,0
DA:27,0
LF:11
LH:5
BRDA:24,0,0,0
BRDA:24,0,1,0
BRF:2
BRH:0
end_of_record
TN:
SF:src/api/actions/user/postUser.ts
FN:14,(anonymous_0)
FNF:1
FNH:0
FNDA:0,(anonymous_0)
DA:2,1
DA:4,1
DA:6,1
DA:8,1
DA:10,1
DA:19,0
DA:20,0
DA:22,0
DA:24,0
DA:25,0
DA:27,0
LF:11
LH:5
BRDA:24,0,0,0
BRDA:24,0,1,0
BRF:2
BRH:0
end_of_record
TN:
SF:src/api/methods/role.methods.ts
FN:6,findAllRoles
FN:9,(anonymous_1)
FN:18,findOneRoleById
FN:35,createRole
FN:46,deleteOneRoleById
FNF:5
FNH:0
FNDA:0,findAllRoles
FNDA:0,(anonymous_1)
FNDA:0,findOneRoleById
FNDA:0,createRole
FNDA:0,deleteOneRoleById
DA:1,1
DA:2,1
DA:3,1
DA:4,1
DA:6,1
DA:7,0
DA:9,0
DA:15,0
DA:18,1
DA:19,0
DA:21,0
DA:22,0
DA:26,0
DA:32,0
DA:35,1
DA:36,0
DA:37,0
DA:43,0
DA:46,1
DA:47,0
DA:49,0
DA:50,0
DA:55,0
LF:23
LH:8
BRDA:21,0,0,0
BRDA:21,0,1,0
BRDA:49,1,0,0
BRDA:49,1,1,0
BRF:4
BRH:0
end_of_record
TN:
SF:src/api/methods/user.methods.ts
FN:13,findAllUsers
FN:16,(anonymous_1)
FN:26,findOneUserById
FN:44,findOneUserWithRolesById
FN:57,(anonymous_4)
FN:63,createUser
FN:75,deleteOneUserById
FN:87,addRoleToUser
FNF:8
FNH:2
FNDA:1,findAllUsers
FNDA:2,(anonymous_1)
FNDA:0,findOneUserById
FNDA:0,findOneUserWithRolesById
FNDA:0,(anonymous_4)
FNDA:0,createUser
FNDA:0,deleteOneUserById
FNDA:0,addRoleToUser
DA:1,1
DA:8,1
DA:9,1
DA:11,1
DA:13,1
DA:14,1
DA:16,2
DA:23,1
DA:26,1
DA:27,0
DA:29,0
DA:30,0
DA:34,0
DA:41,0
DA:44,1
DA:45,0
DA:47,0
DA:48,0
DA:52,0
DA:57,0
DA:60,0
DA:63,1
DA:64,0
DA:65,0
DA:72,0
DA:75,1
DA:76,0
DA:78,0
DA:79,0
DA:84,0
DA:87,1
DA:88,0
DA:89,0
DA:91,0
DA:92,0
DA:96,0
DA:98,0
LF:37
LH:13
BRDA:29,0,0,0
BRDA:29,0,1,0
BRDA:47,1,0,0
BRDA:47,1,1,0
BRDA:78,2,0,0
BRDA:78,2,1,0
BRDA:91,3,0,0
BRDA:91,3,1,0
BRDA:91,4,0,0
BRDA:91,4,1,0
BRF:10
BRH:0
end_of_record
TN:
SF:src/api/repository/RoleRepository.ts
FN:9,(anonymous_0)
FN:13,(anonymous_1)
FN:17,(anonymous_2)
FN:21,(anonymous_3)
FNF:4
FNH:0
FNDA:0,(anonymous_0)
FNDA:0,(anonymous_1)
FNDA:0,(anonymous_2)
FNDA:0,(anonymous_3)
DA:1,1
DA:8,1
DA:10,0
DA:14,0
DA:18,0
DA:22,0
LF:6
LH:2
BRF:0
BRH:0
end_of_record
TN:
SF:src/api/repository/UserRepository.ts
FN:11,(anonymous_0)
FN:15,(anonymous_1)
FN:19,(anonymous_2)
FN:27,(anonymous_3)
FN:31,(anonymous_4)
FNF:5
FNH:2
FNDA:1,(anonymous_0)
FNDA:0,(anonymous_1)
FNDA:0,(anonymous_2)
FNDA:2,(anonymous_3)
FNDA:0,(anonymous_4)
DA:1,1
DA:2,1
DA:10,1
DA:12,1
DA:16,0
DA:20,0
DA:28,2
DA:32,0
LF:8
LH:5
BRF:0
BRH:0
end_of_record
TN:
SF:src/api/repository/UserRoleRepository.ts
FN:9,(anonymous_0)
FNF:1
FNH:0
FNDA:0,(anonymous_0)
DA:1,1
DA:8,1
DA:10,0
LF:3
LH:2
BRF:0
BRH:0
end_of_record
TN:
SF:src/api/repository/index.ts
FNF:0
FNH:0
DA:1,1
DA:2,1
DA:3,1
LF:3
LH:3
BRF:0
BRH:0
end_of_record
TN:
SF:src/db/connection.ts
FNF:0
FNH:0
DA:1,1
DA:2,1
DA:4,1
DA:6,1
DA:8,1
DA:21,1
LF:6
LH:6
BRDA:9,0,0,1
BRDA:9,0,1,0
BRDA:9,1,0,1
BRDA:9,1,1,0
BRDA:10,2,0,1
BRDA:10,2,1,0
BRDA:11,3,0,1
BRDA:11,3,1,0
BRF:8
BRH:4
end_of_record
TN:
SF:src/db/models/Role.ts
FN:43,(anonymous_2)
FN:43,(anonymous_3)
FNF:2
FNH:2
FNDA:2,(anonymous_2)
FNDA:1,(anonymous_3)
DA:1,1
DA:12,1
DA:18,1
DA:22,1
DA:26,1
DA:30,1
DA:34,1
DA:38,1
DA:43,2
DA:44,1
LF:10
LH:10
BRF:0
BRH:0
end_of_record
TN:
SF:src/db/models/User.ts
FN:46,(anonymous_2)
FN:46,(anonymous_3)
FNF:2
FNH:2
FNDA:2,(anonymous_2)
FNDA:1,(anonymous_3)
DA:1,1
DA:12,1
DA:18,1
DA:22,1
DA:26,1
DA:30,1
DA:34,1
DA:38,1
DA:42,1
DA:46,2
DA:47,1
LF:11
LH:11
BRF:0
BRH:0
end_of_record
TN:
SF:src/db/models/UserRole.ts
FN:24,(anonymous_2)
FN:29,(anonymous_3)
FNF:2
FNH:2
FNDA:6,(anonymous_2)
FNDA:2,(anonymous_3)
DA:1,1
DA:12,1
DA:18,1
DA:22,1
DA:24,6
DA:27,1
DA:29,2
DA:32,1
DA:36,1
DA:40,1
LF:10
LH:10
BRF:0
BRH:0
end_of_record
TN:
SF:src/db/models/index.ts
FN:5,(anonymous_0)
FN:5,(anonymous_1)
FN:5,(anonymous_2)
FNF:3
FNH:3
FNDA:5,(anonymous_0)
FNDA:9,(anonymous_1)
FNDA:3,(anonymous_2)
DA:1,1
DA:2,1
DA:3,1
DA:5,10
LF:4
LH:4
BRF:0
BRH:0
end_of_record
TN:
SF:src/services/web-server.ts
FN:19,(anonymous_1)
FN:24,(anonymous_2)
FN:25,(anonymous_3)
FN:39,(anonymous_4)
FN:52,(anonymous_5)
FN:55,(anonymous_6)
FN:61,(anonymous_7)
FN:62,(anonymous_8)
FN:63,(anonymous_9)
FN:67,(anonymous_10)
FNF:10
FNH:7
FNDA:1,(anonymous_1)
FNDA:1,(anonymous_2)
FNDA:1,(anonymous_3)
FNDA:0,(anonymous_4)
FNDA:1,(anonymous_5)
FNDA:0,(anonymous_6)
FNDA:1,(anonymous_7)
FNDA:1,(anonymous_8)
FNDA:0,(anonymous_9)
FNDA:1,(anonymous_10)
DA:1,1
DA:2,1
DA:3,1
DA:4,1
DA:6,1
DA:7,1
DA:9,1
DA:11,1
DA:20,1
DA:21,1
DA:25,1
DA:26,1
DA:27,1
DA:32,1
DA:33,1
DA:35,1
DA:36,1
DA:38,1
DA:45,0
DA:46,0
DA:50,1
DA:53,1
DA:56,0
DA:62,1
DA:63,1
DA:68,1
DA:72,1
LF:27
LH:24
BRDA:12,0,0,1
BRDA:12,0,1,1
BRDA:63,1,0,0
BRDA:63,1,1,0
BRF:4
BRH:2
end_of_record
TN:
SF:src/test/helpers/actionCall.ts
FN:5,call
FN:6,(anonymous_2)
FNF:2
FNH:2
FNDA:1,call
FNDA:1,(anonymous_2)
DA:1,1
DA:2,1
DA:4,1
DA:5,1
DA:6,1
DA:7,1
DA:10,1
DA:12,1
DA:15,1
DA:17,0
DA:20,0
DA:22,0
DA:25,0
DA:27,0
DA:30,0
DA:32,0
DA:35,0
DA:37,0
DA:40,1
LF:19
LH:10
BRDA:11,0,0,1
BRDA:11,0,1,0
BRDA:11,0,2,0
BRDA:11,0,3,0
BRDA:11,0,4,0
BRDA:11,0,5,0
BRF:6
BRH:1
end_of_record
TN:
SF:src/test/helpers/initService.ts
FN:5,(anonymous_1)
FN:11,(anonymous_2)
FNF:2
FNH:2
FNDA:1,(anonymous_1)
FNDA:1,(anonymous_2)
DA:1,1
DA:2,1
DA:4,1
DA:6,1
DA:7,1
DA:8,1
DA:12,1
DA:13,0
DA:17,1
LF:9
LH:8
BRF:0
BRH:0
end_of_record
TN:
SF:src/utils/index.ts
FNF:0
FNH:0
DA:1,1
LF:1
LH:1
BRF:0
BRH:0
end_of_record
TN:
SF:src/utils/subscriptionServiceErrorObjects.ts
FNF:0
FNH:0
DA:1,1
DA:4,1
LF:2
LH:2
BRF:0
BRH:0
end_of_record
TN:
SF:types/index.ts
FNF:0
FNH:0
DA:1,1
DA:2,1
LF:2
LH:2
BRF:0
BRH:0
end_of_record
TN:
SF:types/enums/SubscriptionServiceErrors.enum.ts
FN:1,(anonymous_0)
FNF:1
FNH:1
FNDA:1,(anonymous_0)
DA:1,1
DA:2,1
DA:3,1
DA:4,1
LF:4
LH:4
BRDA:1,0,0,1
BRDA:1,0,1,1
BRF:2
BRH:2
end_of_record
TN:
SF:types/enums/index.ts
FNF:0
FNH:0
DA:1,1
LF:1
LH:1
BRF:0
BRH:0
end_of_record
TN:
SF:types/interfaces/DeleteRoleParams.ts
FNF:0
FNH:0
DA:1,1
DA:4,1
DA:6,1
LF:3
LH:3
BRF:0
BRH:0
end_of_record
TN:
SF:types/interfaces/DeleteUserParams.ts
FNF:0
FNH:0
DA:1,1
DA:4,1
DA:6,1
LF:3
LH:3
BRF:0
BRH:0
end_of_record
TN:
SF:types/interfaces/GetRoleParams.ts
FNF:0
FNH:0
DA:1,1
DA:4,1
DA:6,1
LF:3
LH:3
BRF:0
BRH:0
end_of_record
TN:
SF:types/interfaces/GetUserParams.ts
FNF:0
FNH:0
DA:1,1
DA:4,1
DA:6,1
LF:3
LH:3
BRF:0
BRH:0
end_of_record
TN:
SF:types/interfaces/PostRoleParams.ts
FNF:0
FNH:0
DA:1,1
DA:4,1
DA:6,1
DA:9,1
LF:4
LH:4
BRF:0
BRH:0
end_of_record
TN:
SF:types/interfaces/PostRoleToUserParams.ts
FNF:0
FNH:0
DA:1,1
DA:4,1
DA:6,1
DA:9,1
LF:4
LH:4
BRF:0
BRH:0
end_of_record
TN:
SF:types/interfaces/PostUserParams.ts
FNF:0
FNH:0
DA:1,1
DA:4,1
DA:6,1
DA:9,1
DA:12,1
LF:5
LH:5
BRF:0
BRH:0
end_of_record
TN:
SF:types/interfaces/index.ts
FNF:0
FNH:0
DA:1,1
DA:2,1
DA:3,1
DA:4,1
DA:5,1
DA:6,1
DA:7,1
DA:8,1
DA:9,1
DA:10,1
LF:10
LH:10
BRF:0
BRH:0
end_of_record
TN:
SF:utilsGlobal/Validator.ts
FN:9,(anonymous_1)
FN:10,(anonymous_2)
FNF:2
FNH:2
FNDA:10,(anonymous_1)
FNDA:1,(anonymous_2)
DA:1,1
DA:4,1
DA:5,1
DA:6,1
DA:8,1
DA:10,10
DA:11,1
DA:12,1
DA:14,0
DA:15,0
DA:16,0
DA:17,0
DA:18,0
DA:19,0
DA:22,0
DA:23,0
LF:16
LH:8
BRDA:11,0,0,1
BRDA:11,0,1,0
BRDA:17,1,0,0
BRDA:17,1,1,0
BRF:4
BRH:1
end_of_record
TN:
SF:utilsGlobal/index.ts
FNF:0
FNH:0
DA:1,1
DA:2,1
LF:2
LH:2
BRF:0
BRH:0
end_of_record
TN:
SF:utilsGlobal/logger.ts
FN:12,(anonymous_0)
FNF:1
FNH:1
FNDA:1,(anonymous_0)
DA:1,1
DA:2,1
DA:3,1
DA:5,1
DA:12,1
DA:15,1
LF:6
LH:6
BRF:0
BRH:0
end_of_record
TN:
SF:utilsGlobal/ResponseFactory/BaseResponse.ts
FN:9,(anonymous_0)
FNF:1
FNH:1
FNDA:1,(anonymous_0)
DA:3,1
DA:10,1
DA:11,1
DA:12,1
DA:13,1
LF:5
LH:5
BRDA:12,0,0,1
BRDA:12,0,1,0
BRDA:12,1,0,1
BRDA:12,1,1,1
BRDA:13,2,0,1
BRDA:13,2,1,0
BRDA:13,3,0,1
BRDA:13,3,1,1
BRF:8
BRH:6
end_of_record
TN:
SF:utilsGlobal/ResponseFactory/ResponceFactory.ts
FN:6,(anonymous_0)
FN:11,(anonymous_1)
FNF:2
FNH:1
FNDA:0,(anonymous_0)
FNDA:1,(anonymous_1)
DA:2,1
DA:3,1
DA:5,1
DA:7,0
DA:9,0
DA:12,1
LF:6
LH:4
BRDA:7,0,0,0
BRDA:7,0,1,0
BRDA:12,1,0,0
BRDA:12,1,1,1
BRDA:12,2,0,1
BRDA:12,2,1,1
BRDA:12,3,0,0
BRDA:12,3,1,1
BRDA:12,4,0,1
BRDA:12,4,1,1
BRF:10
BRH:6
end_of_record
TN:
SF:utilsGlobal/ResponseFactory/ServiceErrorResponse.ts
FN:4,(anonymous_0)
FNF:1
FNH:0
FNDA:0,(anonymous_0)
DA:1,1
DA:3,1
DA:5,0
LF:3
LH:2
BRF:0
BRH:0
end_of_record
TN:
SF:utilsGlobal/ResponseFactory/ServiceSuccessResponse.ts
FN:4,(anonymous_0)
FNF:1
FNH:1
FNDA:1,(anonymous_0)
DA:1,1
DA:3,1
DA:5,1
LF:3
LH:3
BRF:0
BRH:0
end_of_record
TN:
SF:utilsGlobal/ResponseFactory/index.ts
FNF:0
FNH:0
DA:1,1
DA:2,1
DA:3,1
LF:3
LH:3
BRF:0
BRH:0
end_of_record
TN:
SF:utilsGlobal/ResponseFactory/ResponseErrors/AccessDeniedResponseError.ts
FN:5,(anonymous_0)
FNF:1
FNH:0
FNDA:0,(anonymous_0)
DA:1,1
DA:4,1
DA:6,0
LF:3
LH:2
BRF:0
BRH:0
end_of_record
TN:
SF:utilsGlobal/ResponseFactory/ResponseErrors/BaseResponseError.ts
FN:5,(anonymous_0)
FNF:1
FNH:0
FNDA:0,(anonymous_0)
DA:1,1
DA:6,0
DA:7,0
DA:8,0
LF:4
LH:1
BRDA:7,0,0,0
BRDA:7,0,1,0
BRDA:7,1,0,0
BRDA:7,1,1,0
BRDA:8,2,0,0
BRDA:8,2,1,0
BRDA:8,3,0,0
BRDA:8,3,1,0
BRF:8
BRH:0
end_of_record
TN:
SF:utilsGlobal/ResponseFactory/ResponseErrors/BusinessLogicResponseError.ts
FN:5,(anonymous_0)
FNF:1
FNH:0
FNDA:0,(anonymous_0)
DA:1,1
DA:4,1
DA:6,0
LF:3
LH:2
BRF:0
BRH:0
end_of_record
TN:
SF:utilsGlobal/ResponseFactory/ResponseErrors/NotFoundResponseError.ts
FN:5,(anonymous_0)
FNF:1
FNH:0
FNDA:0,(anonymous_0)
DA:1,1
DA:4,1
DA:6,0
LF:3
LH:2
BRF:0
BRH:0
end_of_record
TN:
SF:utilsGlobal/ResponseFactory/ResponseErrors/UnauthorizedUserResponseError.ts
FN:5,(anonymous_0)
FNF:1
FNH:0
FNDA:0,(anonymous_0)
DA:1,1
DA:4,1
DA:6,0
LF:3
LH:2
BRF:0
BRH:0
end_of_record
TN:
SF:utilsGlobal/ResponseFactory/ResponseErrors/ValidationResponseError.ts
FN:5,(anonymous_0)
FNF:1
FNH:0
FNDA:0,(anonymous_0)
DA:1,1
DA:4,1
DA:6,0
LF:3
LH:2
BRF:0
BRH:0
end_of_record
TN:
SF:utilsGlobal/ResponseFactory/ResponseErrors/index.ts
FNF:0
FNH:0
DA:1,1
DA:2,1
DA:3,1
DA:4,1
DA:5,1
DA:6,1
LF:6
LH:6
BRF:0
BRH:0
end_of_record
